INFO:root:Search Configuration:
Opponent: MINIMAX
Rounds: 10
Fair Matches: False
Time Limit: 150
Processes: 1
Debug Mode: False
INFO:isolation:Initial game state: Isolation(board=41523161203939122082683632224299007, ply_count=0, locs=(None, None))
First agent: Agent(agent_class=<class 'sample_players.MinimaxPlayer'>, name='Minimax Agent')
Second agent: Agent(agent_class=<class 'my_custom_player.CustomPlayer'>, name='Custom Agent')

INFO:isolation:Status: Status.GAME_OVER
Final State: Isolation(board=40022233105620079752227987425134499, ply_count=54, locs=(32, 105))
History: [2, 27, <Action.ENE: 11>, <Action.WNW: 15>, <Action.WNW: 15>, <Action.NNE: 25>, <Action.NNE: 25>, <Action.WSW: -11>, <Action.WNW: 15>, <Action.NNE: 25>, <Action.SSW: -25>, <Action.WSW: -11>, <Action.SSW: -25>, <Action.WSW: -11>, <Action.ESE: -15>, <Action.NNE: 25>, <Action.ENE: 11>, <Action.WSW: -11>, <Action.WNW: 15>, <Action.SSE: -27>, <Action.WNW: 15>, <Action.NNE: 25>, <Action.NNE: 25>, <Action.WSW: -11>, <Action.WSW: -11>, <Action.NNE: 25>, <Action.WSW: -11>, <Action.NNE: 25>, <Action.NNE: 25>, <Action.SSE: -27>, <Action.ESE: -15>, <Action.ENE: 11>, <Action.NNE: 25>, <Action.ESE: -15>, <Action.NNE: 25>, <Action.SSW: -25>, <Action.SSE: -27>, <Action.ENE: 11>, <Action.SSW: -25>, <Action.SSW: -25>, <Action.SSW: -25>, <Action.SSW: -25>, <Action.WSW: -11>, <Action.ENE: 11>, <Action.ESE: -15>, <Action.WNW: 15>, <Action.NNW: 27>, <Action.NNE: 25>, <Action.SSW: -25>, <Action.NNW: 27>, <Action.ENE: 11>, <Action.ESE: -15>, <Action.WNW: 15>, <Action.NNW: 27>]
Winner: Agent(agent_class=<class 'sample_players.MinimaxPlayer'>, name='Minimax Agent')
Loser: Agent(agent_class=<class 'my_custom_player.CustomPlayer'>, name='Custom Agent')

INFO:isolation:Initial game state: Isolation(board=41523161203939122082683632224299007, ply_count=0, locs=(None, None))
First agent: Agent(agent_class=<class 'my_custom_player.CustomPlayer'>, name='Custom Agent')
Second agent: Agent(agent_class=<class 'sample_players.MinimaxPlayer'>, name='Minimax Agent')

INFO:isolation:Status: Status.GAME_OVER
Final State: Isolation(board=40102607600627545827763221357119487, ply_count=43, locs=(106, 18))
History: [57, 70, <Action.NNE: 25>, <Action.NNE: 25>, <Action.ESE: -15>, <Action.ESE: -15>, <Action.WSW: -11>, <Action.ESE: -15>, <Action.ESE: -15>, <Action.SSW: -25>, <Action.WSW: -11>, <Action.SSE: -27>, <Action.WSW: -11>, <Action.WNW: 15>, <Action.NNE: 25>, <Action.WNW: 15>, <Action.WSW: -11>, <Action.WSW: -11>, <Action.NNW: 27>, <Action.NNW: 27>, <Action.NNE: 25>, <Action.NNE: 25>, <Action.ENE: 11>, <Action.WNW: 15>, <Action.ESE: -15>, <Action.ENE: 11>, <Action.SSE: -27>, <Action.SSE: -27>, <Action.NNE: 25>, <Action.SSW: -25>, <Action.WNW: 15>, <Action.ENE: 11>, <Action.ENE: 11>, <Action.SSE: -27>, <Action.SSE: -27>, <Action.WSW: -11>, <Action.WNW: 15>, <Action.WSW: -11>, <Action.SSE: -27>, <Action.NNE: 25>, <Action.NNE: 25>, <Action.SSE: -27>, <Action.WNW: 15>]
Winner: Agent(agent_class=<class 'sample_players.MinimaxPlayer'>, name='Minimax Agent')
Loser: Agent(agent_class=<class 'my_custom_player.CustomPlayer'>, name='Custom Agent')

INFO:isolation:Initial game state: Isolation(board=41523161203939122082683632224299007, ply_count=0, locs=(None, None))
First agent: Agent(agent_class=<class 'sample_players.MinimaxPlayer'>, name='Minimax Agent')
Second agent: Agent(agent_class=<class 'my_custom_player.CustomPlayer'>, name='Custom Agent')

INFO:isolation:Status: Status.GAME_OVER
Final State: Isolation(board=36633282884289208195454048455886449, ply_count=72, locs=(27, 104))
History: [100, 111, <Action.ESE: -15>, <Action.SSE: -27>, <Action.NNE: 25>, <Action.ESE: -15>, <Action.ESE: -15>, <Action.ESE: -15>, <Action.ESE: -15>, <Action.SSW: -25>, <Action.SSE: -27>, <Action.NNW: 27>, <Action.NNE: 25>, <Action.ESE: -15>, <Action.WSW: -11>, <Action.WSW: -11>, <Action.SSW: -25>, <Action.NNE: 25>, <Action.SSW: -25>, <Action.NNW: 27>, <Action.NNW: 27>, <Action.WSW: -11>, <Action.SSW: -25>, <Action.SSW: -25>, <Action.WSW: -11>, <Action.ESE: -15>, <Action.WNW: 15>, <Action.WSW: -11>, <Action.NNE: 25>, <Action.NNW: 27>, <Action.ENE: 11>, <Action.NNE: 25>, <Action.ENE: 11>, <Action.ENE: 11>, <Action.SSW: -25>, <Action.ESE: -15>, <Action.SSE: -27>, <Action.ENE: 11>, <Action.NNE: 25>, <Action.WNW: 15>, <Action.SSE: -27>, <Action.WNW: 15>, <Action.ESE: -15>, <Action.WSW: -11>, <Action.NNE: 25>, <Action.WSW: -11>, <Action.WSW: -11>, <Action.SSE: -27>, <Action.NNE: 25>, <Action.SSE: -27>, <Action.NNE: 25>, <Action.WSW: -11>, <Action.NNW: 27>, <Action.ESE: -15>, <Action.WSW: -11>, <Action.NNE: 25>, <Action.ESE: -15>, <Action.WSW: -11>, <Action.SSE: -27>, <Action.WNW: 15>, <Action.SSW: -25>, <Action.NNE: 25>, <Action.WSW: -11>, <Action.NNE: 25>, <Action.NNE: 25>, <Action.ENE: 11>, <Action.ESE: -15>, <Action.ENE: 11>, <Action.WSW: -11>, <Action.ESE: -15>, <Action.NNE: 25>, <Action.ENE: 11>]
Winner: Agent(agent_class=<class 'sample_players.MinimaxPlayer'>, name='Minimax Agent')
Loser: Agent(agent_class=<class 'my_custom_player.CustomPlayer'>, name='Custom Agent')

INFO:isolation:Initial game state: Isolation(board=41523161203939122082683632224299007, ply_count=0, locs=(None, None))
First agent: Agent(agent_class=<class 'my_custom_player.CustomPlayer'>, name='Custom Agent')
Second agent: Agent(agent_class=<class 'sample_players.MinimaxPlayer'>, name='Minimax Agent')

INFO:isolation:Status: Status.GAME_OVER
Final State: Isolation(board=32047539506775916578033026661107707, ply_count=70, locs=(111, 78))
History: [57, 32, <Action.NNE: 25>, <Action.ENE: 11>, <Action.ESE: -15>, <Action.NNE: 25>, <Action.WSW: -11>, <Action.ESE: -15>, <Action.NNE: 25>, <Action.WSW: -11>, <Action.SSE: -27>, <Action.SSW: -25>, <Action.SSW: -25>, <Action.NNW: 27>, <Action.ENE: 11>, <Action.ENE: 11>, <Action.SSW: -25>, <Action.SSW: -25>, <Action.ENE: 11>, <Action.WSW: -11>, <Action.WNW: 15>, <Action.NNW: 27>, <Action.SSW: -25>, <Action.NNE: 25>, <Action.WNW: 15>, <Action.NNE: 25>, <Action.NNW: 27>, <Action.SSE: -27>, <Action.SSW: -25>, <Action.WNW: 15>, <Action.NNW: 27>, <Action.SSW: -25>, <Action.NNE: 25>, <Action.WNW: 15>, <Action.NNE: 25>, <Action.NNE: 25>, <Action.SSE: -27>, <Action.SSE: -27>, <Action.WNW: 15>, <Action.NNE: 25>, <Action.SSW: -25>, <Action.ENE: 11>, <Action.SSW: -25>, <Action.ESE: -15>, <Action.SSE: -27>, <Action.ENE: 11>, <Action.WNW: 15>, <Action.SSW: -25>, <Action.NNE: 25>, <Action.SSE: -27>, <Action.SSE: -27>, <Action.SSW: -25>, <Action.ENE: 11>, <Action.SSW: -25>, <Action.SSW: -25>, <Action.ENE: 11>, <Action.WNW: 15>, <Action.WNW: 15>, <Action.NNW: 27>, <Action.ENE: 11>, <Action.NNE: 25>, <Action.NNW: 27>, <Action.NNE: 25>, <Action.NNE: 25>, <Action.WSW: -11>, <Action.WSW: -11>, <Action.ESE: -15>, <Action.NNE: 25>, <Action.NNE: 25>, <Action.SSE: -27>]
Winner: Agent(agent_class=<class 'my_custom_player.CustomPlayer'>, name='Custom Agent')
Loser: Agent(agent_class=<class 'sample_players.MinimaxPlayer'>, name='Minimax Agent')

INFO:isolation:Initial game state: Isolation(board=41523161203939122082683632224299007, ply_count=0, locs=(None, None))
First agent: Agent(agent_class=<class 'sample_players.MinimaxPlayer'>, name='Minimax Agent')
Second agent: Agent(agent_class=<class 'my_custom_player.CustomPlayer'>, name='Custom Agent')

INFO:isolation:Status: Status.GAME_OVER
Final State: Isolation(board=35556703377941865857178036198335869, ply_count=62, locs=(106, 101))
History: [48, 73, <Action.ENE: 11>, <Action.ESE: -15>, <Action.NNE: 25>, <Action.NNE: 25>, <Action.NNE: 25>, <Action.ESE: -15>, <Action.ESE: -15>, <Action.SSE: -27>, <Action.ENE: 11>, <Action.WSW: -11>, <Action.SSE: -27>, <Action.NNE: 25>, <Action.SSW: -25>, <Action.SSE: -27>, <Action.WSW: -11>, <Action.WNW: 15>, <Action.WSW: -11>, <Action.ENE: 11>, <Action.NNE: 25>, <Action.SSW: -25>, <Action.WNW: 15>, <Action.ENE: 11>, <Action.NNE: 25>, <Action.SSW: -25>, <Action.WSW: -11>, <Action.ENE: 11>, <Action.WSW: -11>, <Action.SSW: -25>, <Action.NNE: 25>, <Action.WNW: 15>, <Action.SSE: -27>, <Action.ENE: 11>, <Action.SSE: -27>, <Action.NNE: 25>, <Action.SSE: -27>, <Action.WNW: 15>, <Action.WSW: -11>, <Action.WNW: 15>, <Action.NNE: 25>, <Action.WNW: 15>, <Action.NNE: 25>, <Action.WSW: -11>, <Action.WSW: -11>, <Action.SSW: -25>, <Action.SSE: -27>, <Action.SSE: -27>, <Action.NNE: 25>, <Action.SSW: -25>, <Action.NNE: 25>, <Action.ENE: 11>, <Action.ENE: 11>, <Action.WNW: 15>, <Action.ENE: 11>, <Action.NNE: 25>, <Action.SSW: -25>, <Action.NNW: 27>, <Action.WNW: 15>, <Action.NNE: 25>, <Action.NNE: 25>, <Action.WSW: -11>]
Winner: Agent(agent_class=<class 'sample_players.MinimaxPlayer'>, name='Minimax Agent')
Loser: Agent(agent_class=<class 'my_custom_player.CustomPlayer'>, name='Custom Agent')

INFO:isolation:Initial game state: Isolation(board=41523161203939122082683632224299007, ply_count=0, locs=(None, None))
First agent: Agent(agent_class=<class 'my_custom_player.CustomPlayer'>, name='Custom Agent')
Second agent: Agent(agent_class=<class 'sample_players.MinimaxPlayer'>, name='Minimax Agent')

INFO:isolation:Status: Status.GAME_OVER
Final State: Isolation(board=33083796831033571282393499274340349, ply_count=55, locs=(26, 61))
History: [57, 87, <Action.NNE: 25>, <Action.NNE: 25>, <Action.ESE: -15>, <Action.ESE: -15>, <Action.WSW: -11>, <Action.SSE: -27>, <Action.ESE: -15>, <Action.NNE: 25>, <Action.WSW: -11>, <Action.ESE: -15>, <Action.ESE: -15>, <Action.SSE: -27>, <Action.NNE: 25>, <Action.SSW: -25>, <Action.WSW: -11>, <Action.WNW: 15>, <Action.WNW: 15>, <Action.WNW: 15>, <Action.WSW: -11>, <Action.SSE: -27>, <Action.NNW: 27>, <Action.WSW: -11>, <Action.NNE: 25>, <Action.NNE: 25>, <Action.ENE: 11>, <Action.WSW: -11>, <Action.ESE: -15>, <Action.NNE: 25>, <Action.SSE: -27>, <Action.NNE: 25>, <Action.NNE: 25>, <Action.NNE: 25>, <Action.WNW: 15>, <Action.WSW: -11>, <Action.WSW: -11>, <Action.SSE: -27>, <Action.WSW: -11>, <Action.SSW: -25>, <Action.SSW: -25>, <Action.SSW: -25>, <Action.ESE: -15>, <Action.NNW: 27>, <Action.ESE: -15>, <Action.NNW: 27>, <Action.NNE: 25>, <Action.NNE: 25>, <Action.ESE: -15>, <Action.ENE: 11>, <Action.WSW: -11>, <Action.SSW: -25>, <Action.ESE: -15>, <Action.SSW: -25>, <Action.NNE: 25>]
Winner: Agent(agent_class=<class 'sample_players.MinimaxPlayer'>, name='Minimax Agent')
Loser: Agent(agent_class=<class 'my_custom_player.CustomPlayer'>, name='Custom Agent')

INFO:isolation:Initial game state: Isolation(board=41523161203939122082683632224299007, ply_count=0, locs=(None, None))
First agent: Agent(agent_class=<class 'sample_players.MinimaxPlayer'>, name='Minimax Agent')
Second agent: Agent(agent_class=<class 'my_custom_player.CustomPlayer'>, name='Custom Agent')

INFO:isolation:Status: Status.GAME_OVER
Final State: Isolation(board=34786092822547525479170346575750783, ply_count=65, locs=(101, 27))
History: [21, 46, <Action.ENE: 11>, <Action.NNE: 25>, <Action.NNE: 25>, <Action.ESE: -15>, <Action.NNE: 25>, <Action.NNE: 25>, <Action.NNE: 25>, <Action.SSE: -27>, <Action.WSW: -11>, <Action.SSW: -25>, <Action.SSE: -27>, <Action.ENE: 11>, <Action.SSW: -25>, <Action.SSW: -25>, <Action.ENE: 11>, <Action.WNW: 15>, <Action.WNW: 15>, <Action.ENE: 11>, <Action.SSE: -27>, <Action.NNW: 27>, <Action.WNW: 15>, <Action.ESE: -15>, <Action.NNE: 25>, <Action.SSW: -25>, <Action.WSW: -11>, <Action.WSW: -11>, <Action.SSE: -27>, <Action.NNE: 25>, <Action.SSE: -27>, <Action.NNE: 25>, <Action.WSW: -11>, <Action.NNW: 27>, <Action.WNW: 15>, <Action.ESE: -15>, <Action.NNE: 25>, <Action.NNW: 27>, <Action.WNW: 15>, <Action.WSW: -11>, <Action.NNE: 25>, <Action.WSW: -11>, <Action.NNE: 25>, <Action.SSW: -25>, <Action.SSE: -27>, <Action.NNW: 27>, <Action.NNE: 25>, <Action.SSW: -25>, <Action.WSW: -11>, <Action.SSE: -27>, <Action.WSW: -11>, <Action.ESE: -15>, <Action.ESE: -15>, <Action.WSW: -11>, <Action.SSW: -25>, <Action.NNW: 27>, <Action.ESE: -15>, <Action.ESE: -15>, <Action.NNW: 27>, <Action.ENE: 11>, <Action.WSW: -11>, <Action.ESE: -15>, <Action.NNE: 25>, <Action.ENE: 11>, <Action.NNW: 27>]
Winner: Agent(agent_class=<class 'my_custom_player.CustomPlayer'>, name='Custom Agent')
Loser: Agent(agent_class=<class 'sample_players.MinimaxPlayer'>, name='Minimax Agent')

INFO:isolation:Initial game state: Isolation(board=41523161203939122082683632224299007, ply_count=0, locs=(None, None))
First agent: Agent(agent_class=<class 'my_custom_player.CustomPlayer'>, name='Custom Agent')
Second agent: Agent(agent_class=<class 'sample_players.MinimaxPlayer'>, name='Minimax Agent')

INFO:isolation:Status: Status.GAME_OVER
Final State: Isolation(board=34687107444984730701012430494393439, ply_count=64, locs=(8, 104))
History: [57, 15, <Action.NNE: 25>, <Action.NNE: 25>, <Action.WSW: -11>, <Action.NNE: 25>, <Action.ESE: -15>, <Action.WSW: -11>, <Action.ESE: -15>, <Action.WSW: -11>, <Action.NNE: 25>, <Action.NNW: 27>, <Action.WSW: -11>, <Action.SSW: -25>, <Action.NNE: 25>, <Action.SSE: -27>, <Action.WSW: -11>, <Action.WSW: -11>, <Action.WSW: -11>, <Action.NNE: 25>, <Action.WNW: 15>, <Action.NNW: 27>, <Action.SSE: -27>, <Action.NNE: 25>, <Action.ESE: -15>, <Action.WNW: 15>, <Action.ENE: 11>, <Action.ENE: 11>, <Action.NNE: 25>, <Action.SSE: -27>, <Action.ENE: 11>, <Action.ESE: -15>, <Action.SSW: -25>, <Action.ENE: 11>, <Action.SSW: -25>, <Action.SSE: -27>, <Action.WSW: -11>, <Action.SSW: -25>, <Action.NNW: 27>, <Action.WSW: -11>, <Action.WSW: -11>, <Action.WSW: -11>, <Action.NNW: 27>, <Action.WNW: 15>, <Action.NNW: 27>, <Action.WSW: -11>, <Action.NNE: 25>, <Action.NNE: 25>, <Action.ESE: -15>, <Action.WNW: 15>, <Action.WSW: -11>, <Action.NNE: 25>, <Action.SSW: -25>, <Action.ENE: 11>, <Action.SSW: -25>, <Action.ENE: 11>, <Action.ENE: 11>, <Action.ESE: -15>, <Action.WNW: 15>, <Action.NNW: 27>, <Action.SSE: -27>, <Action.ESE: -15>, <Action.SSE: -27>, <Action.ENE: 11>]
Winner: Agent(agent_class=<class 'my_custom_player.CustomPlayer'>, name='Custom Agent')
Loser: Agent(agent_class=<class 'sample_players.MinimaxPlayer'>, name='Minimax Agent')

INFO:isolation:Initial game state: Isolation(board=41523161203939122082683632224299007, ply_count=0, locs=(None, None))
First agent: Agent(agent_class=<class 'sample_players.MinimaxPlayer'>, name='Minimax Agent')
Second agent: Agent(agent_class=<class 'my_custom_player.CustomPlayer'>, name='Custom Agent')

INFO:isolation:Status: Status.GAME_OVER
Final State: Isolation(board=22046984191269570244673463509861561, ply_count=77, locs=(17, 35))
History: [27, 52, <Action.SSW: -25>, <Action.WSW: -11>, <Action.ENE: 11>, <Action.WSW: -11>, <Action.WNW: 15>, <Action.WNW: 15>, <Action.NNE: 25>, <Action.NNE: 25>, <Action.WSW: -11>, <Action.ENE: 11>, <Action.NNW: 27>, <Action.SSE: -27>, <Action.SSW: -25>, <Action.SSW: -25>, <Action.ENE: 11>, <Action.WSW: -11>, <Action.NNW: 27>, <Action.WNW: 15>, <Action.SSW: -25>, <Action.NNE: 25>, <Action.SSW: -25>, <Action.NNE: 25>, <Action.NNW: 27>, <Action.WSW: -11>, <Action.NNE: 25>, <Action.SSW: -25>, <Action.WSW: -11>, <Action.SSE: -27>, <Action.SSE: -27>, <Action.ENE: 11>, <Action.NNE: 25>, <Action.ESE: -15>, <Action.NNE: 25>, <Action.ESE: -15>, <Action.WNW: 15>, <Action.NNE: 25>, <Action.WSW: -11>, <Action.WSW: -11>, <Action.ESE: -15>, <Action.NNE: 25>, <Action.SSW: -25>, <Action.NNW: 27>, <Action.WSW: -11>, <Action.NNW: 27>, <Action.NNE: 25>, <Action.ESE: -15>, <Action.NNW: 27>, <Action.WSW: -11>, <Action.ENE: 11>, <Action.NNE: 25>, <Action.ESE: -15>, <Action.SSE: -27>, <Action.WSW: -11>, <Action.NNE: 25>, <Action.SSW: -25>, <Action.WSW: -11>, <Action.SSW: -25>, <Action.WNW: 15>, <Action.SSE: -27>, <Action.WNW: 15>, <Action.NNE: 25>, <Action.WSW: -11>, <Action.ESE: -15>, <Action.WSW: -11>, <Action.WSW: -11>, <Action.NNE: 25>, <Action.WNW: 15>, <Action.ESE: -15>, <Action.NNE: 25>, <Action.WSW: -11>, <Action.SSE: -27>, <Action.SSW: -25>, <Action.ESE: -15>, <Action.SSE: -27>, <Action.ENE: 11>]
Winner: Agent(agent_class=<class 'my_custom_player.CustomPlayer'>, name='Custom Agent')
Loser: Agent(agent_class=<class 'sample_players.MinimaxPlayer'>, name='Minimax Agent')

INFO:isolation:Initial game state: Isolation(board=41523161203939122082683632224299007, ply_count=0, locs=(None, None))
First agent: Agent(agent_class=<class 'my_custom_player.CustomPlayer'>, name='Custom Agent')
Second agent: Agent(agent_class=<class 'sample_players.MinimaxPlayer'>, name='Minimax Agent')

INFO:isolation:Status: Status.GAME_OVER
Final State: Isolation(board=39839332184444983015236541747652607, ply_count=47, locs=(104, 28))
History: [57, 108, <Action.NNE: 25>, <Action.SSE: -27>, <Action.ESE: -15>, <Action.ESE: -15>, <Action.SSW: -25>, <Action.NNE: 25>, <Action.WSW: -11>, <Action.WSW: -11>, <Action.NNW: 27>, <Action.SSE: -27>, <Action.ESE: -15>, <Action.SSE: -27>, <Action.ENE: 11>, <Action.WSW: -11>, <Action.SSW: -25>, <Action.WNW: 15>, <Action.WNW: 15>, <Action.WSW: -11>, <Action.WNW: 15>, <Action.WNW: 15>, <Action.NNW: 27>, <Action.ENE: 11>, <Action.ESE: -15>, <Action.WNW: 15>, <Action.NNW: 27>, <Action.NNW: 27>, <Action.SSW: -25>, <Action.ESE: -15>, <Action.ENE: 11>, <Action.ENE: 11>, <Action.ENE: 11>, <Action.NNW: 27>, <Action.SSE: -27>, <Action.SSW: -25>, <Action.ENE: 11>, <Action.WSW: -11>, <Action.WNW: 15>, <Action.SSE: -27>, <Action.ENE: 11>, <Action.ESE: -15>, <Action.SSE: -27>, <Action.ESE: -15>, <Action.WNW: 15>, <Action.ENE: 11>, <Action.ENE: 11>]
Winner: Agent(agent_class=<class 'sample_players.MinimaxPlayer'>, name='Minimax Agent')
Loser: Agent(agent_class=<class 'my_custom_player.CustomPlayer'>, name='Custom Agent')

INFO:isolation:Initial game state: Isolation(board=41523161203939122082683632224299007, ply_count=0, locs=(None, None))
First agent: Agent(agent_class=<class 'sample_players.MinimaxPlayer'>, name='Minimax Agent')
Second agent: Agent(agent_class=<class 'my_custom_player.CustomPlayer'>, name='Custom Agent')

INFO:isolation:Status: Status.GAME_OVER
Final State: Isolation(board=27323141583917633592449019251738491, ply_count=66, locs=(35, 96))
History: [109, 94, <Action.SSE: -27>, <Action.SSW: -25>, <Action.ENE: 11>, <Action.ENE: 11>, <Action.SSE: -27>, <Action.SSE: -27>, <Action.WSW: -11>, <Action.SSW: -25>, <Action.WNW: 15>, <Action.WNW: 15>, <Action.WSW: -11>, <Action.ENE: 11>, <Action.ESE: -15>, <Action.SSW: -25>, <Action.NNW: 27>, <Action.NNW: 27>, <Action.SSW: -25>, <Action.ESE: -15>, <Action.ENE: 11>, <Action.WSW: -11>, <Action.SSW: -25>, <Action.ESE: -15>, <Action.SSW: -25>, <Action.NNW: 27>, <Action.ENE: 11>, <Action.WSW: -11>, <Action.WNW: 15>, <Action.WSW: -11>, <Action.NNE: 25>, <Action.NNW: 27>, <Action.NNW: 27>, <Action.NNE: 25>, <Action.WNW: 15>, <Action.WNW: 15>, <Action.SSW: -25>, <Action.ENE: 11>, <Action.SSE: -27>, <Action.ESE: -15>, <Action.SSW: -25>, <Action.NNE: 25>, <Action.ENE: 11>, <Action.SSE: -27>, <Action.NNW: 27>, <Action.NNE: 25>, <Action.NNW: 27>, <Action.SSE: -27>, <Action.NNE: 25>, <Action.SSE: -27>, <Action.SSE: -27>, <Action.SSW: -25>, <Action.NNE: 25>, <Action.SSW: -25>, <Action.SSE: -27>, <Action.ENE: 11>, <Action.WNW: 15>, <Action.NNW: 27>, <Action.SSW: -25>, <Action.NNW: 27>, <Action.SSW: -25>, <Action.NNE: 25>, <Action.ENE: 11>, <Action.WNW: 15>, <Action.SSW: -25>, <Action.WSW: -11>]
Winner: Agent(agent_class=<class 'sample_players.MinimaxPlayer'>, name='Minimax Agent')
Loser: Agent(agent_class=<class 'my_custom_player.CustomPlayer'>, name='Custom Agent')

INFO:isolation:Initial game state: Isolation(board=41523161203939122082683632224299007, ply_count=0, locs=(None, None))
First agent: Agent(agent_class=<class 'my_custom_player.CustomPlayer'>, name='Custom Agent')
Second agent: Agent(agent_class=<class 'sample_players.MinimaxPlayer'>, name='Minimax Agent')

INFO:isolation:Status: Status.GAME_OVER
Final State: Isolation(board=2172760556752583337808757455332651, ply_count=71, locs=(108, 112))
History: [57, 56, <Action.NNE: 25>, <Action.NNE: 25>, <Action.SSE: -27>, <Action.SSE: -27>, <Action.NNE: 25>, <Action.WNW: 15>, <Action.SSE: -27>, <Action.SSW: -25>, <Action.SSW: -25>, <Action.SSW: -25>, <Action.WNW: 15>, <Action.NNW: 27>, <Action.WSW: -11>, <Action.NNE: 25>, <Action.WNW: 15>, <Action.NNE: 25>, <Action.NNE: 25>, <Action.WSW: -11>, <Action.ENE: 11>, <Action.SSE: -27>, <Action.ENE: 11>, <Action.SSW: -25>, <Action.SSE: -27>, <Action.ESE: -15>, <Action.SSE: -27>, <Action.WSW: -11>, <Action.SSW: -25>, <Action.NNW: 27>, <Action.WNW: 15>, <Action.NNE: 25>, <Action.ENE: 11>, <Action.NNE: 25>, <Action.SSW: -25>, <Action.NNW: 27>, <Action.ENE: 11>, <Action.WSW: -11>, <Action.SSW: -25>, <Action.SSW: -25>, <Action.WNW: 15>, <Action.ESE: -15>, <Action.WSW: -11>, <Action.ESE: -15>, <Action.NNE: 25>, <Action.SSW: -25>, <Action.SSE: -27>, <Action.WSW: -11>, <Action.NNE: 25>, <Action.NNW: 27>, <Action.ESE: -15>, <Action.NNE: 25>, <Action.NNE: 25>, <Action.NNE: 25>, <Action.NNW: 27>, <Action.NNW: 27>, <Action.NNW: 27>, <Action.ESE: -15>, <Action.SSW: -25>, <Action.SSW: -25>, <Action.ENE: 11>, <Action.WNW: 15>, <Action.NNW: 27>, <Action.ENE: 11>, <Action.WSW: -11>, <Action.WNW: 15>, <Action.SSW: -25>, <Action.SSE: -27>, <Action.NNW: 27>, <Action.NNE: 25>, <Action.ENE: 11>]
Winner: Agent(agent_class=<class 'sample_players.MinimaxPlayer'>, name='Minimax Agent')
Loser: Agent(agent_class=<class 'my_custom_player.CustomPlayer'>, name='Custom Agent')

INFO:isolation:Initial game state: Isolation(board=41523161203939122082683632224299007, ply_count=0, locs=(None, None))
First agent: Agent(agent_class=<class 'sample_players.MinimaxPlayer'>, name='Minimax Agent')
Second agent: Agent(agent_class=<class 'my_custom_player.CustomPlayer'>, name='Custom Agent')

INFO:isolation:Status: Status.GAME_OVER
Final State: Isolation(board=30813474065963595684837864905926063, ply_count=58, locs=(98, 9))
History: [16, 41, <Action.ENE: 11>, <Action.WSW: -11>, <Action.NNE: 25>, <Action.NNE: 25>, <Action.WNW: 15>, <Action.NNE: 25>, <Action.NNW: 27>, <Action.WSW: -11>, <Action.WSW: -11>, <Action.WNW: 15>, <Action.NNE: 25>, <Action.SSW: -25>, <Action.WSW: -11>, <Action.SSE: -27>, <Action.ESE: -15>, <Action.WNW: 15>, <Action.SSW: -25>, <Action.ENE: 11>, <Action.WSW: -11>, <Action.SSW: -25>, <Action.NNE: 25>, <Action.NNW: 27>, <Action.ESE: -15>, <Action.NNE: 25>, <Action.WSW: -11>, <Action.ENE: 11>, <Action.SSE: -27>, <Action.ESE: -15>, <Action.NNE: 25>, <Action.SSE: -27>, <Action.NNE: 25>, <Action.SSW: -25>, <Action.ESE: -15>, <Action.ENE: 11>, <Action.WSW: -11>, <Action.SSW: -25>, <Action.SSW: -25>, <Action.WSW: -11>, <Action.WSW: -11>, <Action.WNW: 15>, <Action.NNE: 25>, <Action.WNW: 15>, <Action.WSW: -11>, <Action.NNW: 27>, <Action.WNW: 15>, <Action.NNE: 25>, <Action.NNW: 27>, <Action.WSW: -11>, <Action.ENE: 11>, <Action.SSE: -27>, <Action.WNW: 15>, <Action.SSE: -27>, <Action.NNE: 25>, <Action.WNW: 15>, <Action.ESE: -15>, <Action.SSE: -27>]
Winner: Agent(agent_class=<class 'sample_players.MinimaxPlayer'>, name='Minimax Agent')
Loser: Agent(agent_class=<class 'my_custom_player.CustomPlayer'>, name='Custom Agent')

INFO:isolation:Initial game state: Isolation(board=41523161203939122082683632224299007, ply_count=0, locs=(None, None))
First agent: Agent(agent_class=<class 'my_custom_player.CustomPlayer'>, name='Custom Agent')
Second agent: Agent(agent_class=<class 'sample_players.MinimaxPlayer'>, name='Minimax Agent')

INFO:isolation:Status: Status.GAME_OVER
Final State: Isolation(board=35843841093889467232115138793613053, ply_count=58, locs=(1, 107))
History: [57, 83, <Action.NNE: 25>, <Action.NNE: 25>, <Action.ESE: -15>, <Action.SSE: -27>, <Action.SSW: -25>, <Action.ESE: -15>, <Action.WSW: -11>, <Action.NNE: 25>, <Action.WNW: 15>, <Action.WSW: -11>, <Action.NNW: 27>, <Action.WSW: -11>, <Action.ENE: 11>, <Action.SSW: -25>, <Action.SSW: -25>, <Action.ENE: 11>, <Action.SSW: -25>, <Action.WNW: 15>, <Action.ENE: 11>, <Action.SSE: -27>, <Action.WNW: 15>, <Action.WNW: 15>, <Action.NNE: 25>, <Action.WSW: -11>, <Action.ENE: 11>, <Action.NNE: 25>, <Action.SSW: -25>, <Action.NNE: 25>, <Action.WNW: 15>, <Action.WNW: 15>, <Action.SSW: -25>, <Action.SSW: -25>, <Action.SSW: -25>, <Action.SSW: -25>, <Action.ESE: -15>, <Action.SSE: -27>, <Action.ENE: 11>, <Action.SSE: -27>, <Action.ESE: -15>, <Action.ENE: 11>, <Action.ENE: 11>, <Action.ENE: 11>, <Action.NNE: 25>, <Action.ENE: 11>, <Action.WNW: 15>, <Action.SSE: -27>, <Action.ENE: 11>, <Action.WNW: 15>, <Action.SSW: -25>, <Action.ENE: 11>, <Action.SSE: -27>, <Action.NNE: 25>, <Action.WSW: -11>, <Action.NNW: 27>, <Action.ESE: -15>, <Action.WNW: 15>]
Winner: Agent(agent_class=<class 'my_custom_player.CustomPlayer'>, name='Custom Agent')
Loser: Agent(agent_class=<class 'sample_players.MinimaxPlayer'>, name='Minimax Agent')

INFO:isolation:Initial game state: Isolation(board=41523161203939122082683632224299007, ply_count=0, locs=(None, None))
First agent: Agent(agent_class=<class 'sample_players.MinimaxPlayer'>, name='Minimax Agent')
Second agent: Agent(agent_class=<class 'my_custom_player.CustomPlayer'>, name='Custom Agent')

INFO:isolation:Status: Status.GAME_OVER
Final State: Isolation(board=41461130427345025503500096622290431, ply_count=48, locs=(73, 68))
History: [78, 53, <Action.WSW: -11>, <Action.SSW: -25>, <Action.NNE: 25>, <Action.WNW: 15>, <Action.SSE: -27>, <Action.WSW: -11>, <Action.SSW: -25>, <Action.NNE: 25>, <Action.WSW: -11>, <Action.SSE: -27>, <Action.NNW: 27>, <Action.ENE: 11>, <Action.NNE: 25>, <Action.NNE: 25>, <Action.SSE: -27>, <Action.WSW: -11>, <Action.WNW: 15>, <Action.WSW: -11>, <Action.WSW: -11>, <Action.WSW: -11>, <Action.NNE: 25>, <Action.NNW: 27>, <Action.WNW: 15>, <Action.NNE: 25>, <Action.SSE: -27>, <Action.WSW: -11>, <Action.ENE: 11>, <Action.NNE: 25>, <Action.WNW: 15>, <Action.ESE: -15>, <Action.SSW: -25>, <Action.ENE: 11>, <Action.SSE: -27>, <Action.ESE: -15>, <Action.SSW: -25>, <Action.NNE: 25>, <Action.WSW: -11>, <Action.WSW: -11>, <Action.NNE: 25>, <Action.ESE: -15>, <Action.NNE: 25>, <Action.NNE: 25>, <Action.WSW: -11>, <Action.WSW: -11>, <Action.NNE: 25>, <Action.SSW: -25>]
Winner: Agent(agent_class=<class 'sample_players.MinimaxPlayer'>, name='Minimax Agent')
Loser: Agent(agent_class=<class 'my_custom_player.CustomPlayer'>, name='Custom Agent')

INFO:isolation:Initial game state: Isolation(board=41523161203939122082683632224299007, ply_count=0, locs=(None, None))
First agent: Agent(agent_class=<class 'my_custom_player.CustomPlayer'>, name='Custom Agent')
Second agent: Agent(agent_class=<class 'sample_players.MinimaxPlayer'>, name='Minimax Agent')

INFO:isolation:Status: Status.GAME_OVER
Final State: Isolation(board=2172760556752583337808757455332651, ply_count=71, locs=(108, 112))
History: [57, 56, <Action.NNE: 25>, <Action.NNE: 25>, <Action.SSE: -27>, <Action.SSE: -27>, <Action.NNE: 25>, <Action.WNW: 15>, <Action.SSE: -27>, <Action.SSW: -25>, <Action.SSW: -25>, <Action.SSW: -25>, <Action.WNW: 15>, <Action.NNW: 27>, <Action.WSW: -11>, <Action.NNE: 25>, <Action.WNW: 15>, <Action.NNE: 25>, <Action.NNE: 25>, <Action.WSW: -11>, <Action.ENE: 11>, <Action.SSE: -27>, <Action.ENE: 11>, <Action.SSW: -25>, <Action.SSE: -27>, <Action.ESE: -15>, <Action.SSE: -27>, <Action.WSW: -11>, <Action.SSW: -25>, <Action.NNW: 27>, <Action.WNW: 15>, <Action.NNE: 25>, <Action.ENE: 11>, <Action.NNE: 25>, <Action.SSW: -25>, <Action.NNW: 27>, <Action.ENE: 11>, <Action.WSW: -11>, <Action.SSW: -25>, <Action.SSW: -25>, <Action.WNW: 15>, <Action.ESE: -15>, <Action.WSW: -11>, <Action.ESE: -15>, <Action.NNE: 25>, <Action.SSW: -25>, <Action.SSE: -27>, <Action.WSW: -11>, <Action.NNE: 25>, <Action.NNW: 27>, <Action.ESE: -15>, <Action.NNE: 25>, <Action.NNE: 25>, <Action.NNE: 25>, <Action.NNW: 27>, <Action.NNW: 27>, <Action.NNW: 27>, <Action.ESE: -15>, <Action.SSW: -25>, <Action.SSW: -25>, <Action.ENE: 11>, <Action.WNW: 15>, <Action.NNW: 27>, <Action.ENE: 11>, <Action.WSW: -11>, <Action.WNW: 15>, <Action.SSW: -25>, <Action.SSE: -27>, <Action.NNW: 27>, <Action.NNE: 25>, <Action.ENE: 11>]
Winner: Agent(agent_class=<class 'sample_players.MinimaxPlayer'>, name='Minimax Agent')
Loser: Agent(agent_class=<class 'my_custom_player.CustomPlayer'>, name='Custom Agent')

INFO:isolation:Initial game state: Isolation(board=41523161203939122082683632224299007, ply_count=0, locs=(None, None))
First agent: Agent(agent_class=<class 'sample_players.MinimaxPlayer'>, name='Minimax Agent')
Second agent: Agent(agent_class=<class 'my_custom_player.CustomPlayer'>, name='Custom Agent')

INFO:isolation:Status: Status.GAME_OVER
Final State: Isolation(board=41320059665131729181641437725541427, ply_count=58, locs=(105, 36))
History: [61, 86, <Action.ENE: 11>, <Action.ESE: -15>, <Action.NNE: 25>, <Action.ESE: -15>, <Action.ESE: -15>, <Action.NNE: 25>, <Action.NNE: 25>, <Action.SSE: -27>, <Action.WSW: -11>, <Action.WSW: -11>, <Action.SSE: -27>, <Action.NNE: 25>, <Action.SSW: -25>, <Action.SSE: -27>, <Action.ENE: 11>, <Action.WSW: -11>, <Action.WNW: 15>, <Action.ESE: -15>, <Action.NNE: 25>, <Action.NNW: 27>, <Action.WSW: -11>, <Action.WSW: -11>, <Action.SSE: -27>, <Action.WSW: -11>, <Action.SSW: -25>, <Action.WNW: 15>, <Action.SSW: -25>, <Action.NNE: 25>, <Action.ENE: 11>, <Action.NNE: 25>, <Action.ESE: -15>, <Action.WSW: -11>, <Action.NNE: 25>, <Action.SSE: -27>, <Action.NNE: 25>, <Action.ENE: 11>, <Action.NNE: 25>, <Action.WNW: 15>, <Action.WSW: -11>, <Action.SSW: -25>, <Action.ESE: -15>, <Action.SSE: -27>, <Action.SSW: -25>, <Action.ESE: -15>, <Action.SSW: -25>, <Action.NNW: 27>, <Action.ENE: 11>, <Action.SSW: -25>, <Action.NNW: 27>, <Action.ENE: 11>, <Action.NNE: 25>, <Action.WNW: 15>, <Action.WNW: 15>, <Action.SSW: -25>, <Action.NNE: 25>, <Action.NNW: 27>]
Winner: Agent(agent_class=<class 'sample_players.MinimaxPlayer'>, name='Minimax Agent')
Loser: Agent(agent_class=<class 'my_custom_player.CustomPlayer'>, name='Custom Agent')

INFO:isolation:Initial game state: Isolation(board=41523161203939122082683632224299007, ply_count=0, locs=(None, None))
First agent: Agent(agent_class=<class 'my_custom_player.CustomPlayer'>, name='Custom Agent')
Second agent: Agent(agent_class=<class 'sample_players.MinimaxPlayer'>, name='Minimax Agent')

INFO:isolation:Status: Status.GAME_OVER
Final State: Isolation(board=40102320321131761364985960564720995, ply_count=65, locs=(49, 74))
History: [57, 9, <Action.NNE: 25>, <Action.NNE: 25>, <Action.ESE: -15>, <Action.ENE: 11>, <Action.SSW: -25>, <Action.NNE: 25>, <Action.WSW: -11>, <Action.SSE: -27>, <Action.WNW: 15>, <Action.WNW: 15>, <Action.NNE: 25>, <Action.ENE: 11>, <Action.WNW: 15>, <Action.SSW: -25>, <Action.SSE: -27>, <Action.ENE: 11>, <Action.NNE: 25>, <Action.ENE: 11>, <Action.WSW: -11>, <Action.NNE: 25>, <Action.NNE: 25>, <Action.WNW: 15>, <Action.ESE: -15>, <Action.SSE: -27>, <Action.WSW: -11>, <Action.SSE: -27>, <Action.SSW: -25>, <Action.SSW: -25>, <Action.ESE: -15>, <Action.SSW: -25>, <Action.WSW: -11>, <Action.ENE: 11>, <Action.NNW: 27>, <Action.NNW: 27>, <Action.ESE: -15>, <Action.NNE: 25>, <Action.NNW: 27>, <Action.WSW: -11>, <Action.NNE: 25>, <Action.ESE: -15>, <Action.ENE: 11>, <Action.SSW: -25>, <Action.ESE: -15>, <Action.WSW: -11>, <Action.SSW: -25>, <Action.NNE: 25>, <Action.ESE: -15>, <Action.NNE: 25>, <Action.WSW: -11>, <Action.NNE: 25>, <Action.ESE: -15>, <Action.NNW: 27>, <Action.WSW: -11>, <Action.SSW: -25>, <Action.NNE: 25>, <Action.WNW: 15>, <Action.WSW: -11>, <Action.WNW: 15>, <Action.WSW: -11>, <Action.WSW: -11>, <Action.WNW: 15>, <Action.SSW: -25>, <Action.NNW: 27>]
Winner: Agent(agent_class=<class 'sample_players.MinimaxPlayer'>, name='Minimax Agent')
Loser: Agent(agent_class=<class 'my_custom_player.CustomPlayer'>, name='Custom Agent')

INFO:isolation:Initial game state: Isolation(board=41523161203939122082683632224299007, ply_count=0, locs=(None, None))
First agent: Agent(agent_class=<class 'sample_players.MinimaxPlayer'>, name='Minimax Agent')
Second agent: Agent(agent_class=<class 'my_custom_player.CustomPlayer'>, name='Custom Agent')

INFO:isolation:Status: Status.GAME_OVER
Final State: Isolation(board=21522172202879971703096863489287385, ply_count=76, locs=(108, 75))
History: [113, 98, <Action.SSE: -27>, <Action.ESE: -15>, <Action.NNE: 25>, <Action.ESE: -15>, <Action.ESE: -15>, <Action.SSE: -27>, <Action.ENE: 11>, <Action.WSW: -11>, <Action.ESE: -15>, <Action.NNE: 25>, <Action.SSE: -27>, <Action.SSE: -27>, <Action.WSW: -11>, <Action.WSW: -11>, <Action.WSW: -11>, <Action.NNE: 25>, <Action.WNW: 15>, <Action.NNE: 25>, <Action.SSE: -27>, <Action.WNW: 15>, <Action.NNE: 25>, <Action.ENE: 11>, <Action.WSW: -11>, <Action.SSE: -27>, <Action.NNE: 25>, <Action.NNE: 25>, <Action.NNE: 25>, <Action.WSW: -11>, <Action.WSW: -11>, <Action.NNE: 25>, <Action.ESE: -15>, <Action.WSW: -11>, <Action.SSW: -25>, <Action.ESE: -15>, <Action.SSW: -25>, <Action.SSE: -27>, <Action.WSW: -11>, <Action.SSW: -25>, <Action.NNE: 25>, <Action.SSW: -25>, <Action.WSW: -11>, <Action.NNW: 27>, <Action.NNE: 25>, <Action.ENE: 11>, <Action.ESE: -15>, <Action.SSW: -25>, <Action.NNE: 25>, <Action.ENE: 11>, <Action.WSW: -11>, <Action.SSW: -25>, <Action.NNE: 25>, <Action.WNW: 15>, <Action.WSW: -11>, <Action.WSW: -11>, <Action.WSW: -11>, <Action.WNW: 15>, <Action.NNE: 25>, <Action.WSW: -11>, <Action.ESE: -15>, <Action.NNE: 25>, <Action.WSW: -11>, <Action.NNW: 27>, <Action.NNE: 25>, <Action.ENE: 11>, <Action.WSW: -11>, <Action.NNW: 27>, <Action.NNE: 25>, <Action.ENE: 11>, <Action.NNE: 25>, <Action.SSW: -25>, <Action.ESE: -15>, <Action.WNW: 15>, <Action.ENE: 11>, <Action.SSW: -25>]
Winner: Agent(agent_class=<class 'sample_players.MinimaxPlayer'>, name='Minimax Agent')
Loser: Agent(agent_class=<class 'my_custom_player.CustomPlayer'>, name='Custom Agent')

INFO:isolation:Initial game state: Isolation(board=41523161203939122082683632224299007, ply_count=0, locs=(None, None))
First agent: Agent(agent_class=<class 'my_custom_player.CustomPlayer'>, name='Custom Agent')
Second agent: Agent(agent_class=<class 'sample_players.MinimaxPlayer'>, name='Minimax Agent')

INFO:isolation:Status: Status.GAME_OVER
Final State: Isolation(board=41360505768154114902198231239780260, ply_count=48, locs=(4, 31))
History: [57, 0, <Action.NNE: 25>, <Action.NNW: 27>, <Action.ESE: -15>, <Action.NNE: 25>, <Action.WSW: -11>, <Action.WSW: -11>, <Action.NNE: 25>, <Action.SSW: -25>, <Action.WSW: -11>, <Action.ESE: -15>, <Action.WSW: -11>, <Action.NNE: 25>, <Action.ESE: -15>, <Action.NNW: 27>, <Action.NNE: 25>, <Action.WNW: 15>, <Action.WSW: -11>, <Action.WNW: 15>, <Action.WSW: -11>, <Action.WNW: 15>, <Action.NNE: 25>, <Action.SSE: -27>, <Action.SSE: -27>, <Action.NNE: 25>, <Action.WSW: -11>, <Action.ENE: 11>, <Action.ESE: -15>, <Action.SSE: -27>, <Action.NNW: 27>, <Action.SSW: -25>, <Action.SSW: -25>, <Action.ESE: -15>, <Action.ENE: 11>, <Action.NNE: 25>, <Action.ESE: -15>, <Action.WSW: -11>, <Action.ENE: 11>, <Action.SSW: -25>, <Action.SSW: -25>, <Action.WSW: -11>, <Action.NNW: 27>, <Action.WNW: 15>, <Action.ESE: -15>, <Action.SSE: -27>, <Action.WSW: -11>, <Action.NNE: 25>]
Winner: Agent(agent_class=<class 'sample_players.MinimaxPlayer'>, name='Minimax Agent')
Loser: Agent(agent_class=<class 'my_custom_player.CustomPlayer'>, name='Custom Agent')

INFO:__main__:Your agent won 25.0% of matches against Minimax Agent
